<?xml version="1.0" encoding="UTF-8"?>
<testng-results ignored="0" total="2" passed="2" failed="0" skipped="0">
  <reporter-output>
  </reporter-output>
  <suite started-at="2025-08-15T10:46:12 IST" name="Parameterization" finished-at="2025-08-15T10:46:17 IST" duration-ms="4293">
    <groups>
    </groups>
    <test started-at="2025-08-15T10:46:12 IST" name="Parameter" finished-at="2025-08-15T10:46:17 IST" duration-ms="4293">
      <class name="TestNGPractice.ParameterClass">
        <test-method is-config="true" signature="browserLaunch(java.lang.String)[pri:0, instance:TestNGPractice.ParameterClass@28f3b248]" started-at="2025-08-15T10:46:12 IST" name="browserLaunch" finished-at="2025-08-15T10:46:16 IST" duration-ms="3868" status="PASS">
          <params>
            <param index="0">
              <value>
                <![CDATA[CHROME]]>
              </value>
            </param>
          </params>
          <reporter-output>
          </reporter-output>
        </test-method> <!-- browserLaunch -->
        <test-method is-config="true" signature="loginin()[pri:0, instance:TestNGPractice.ParameterClass@28f3b248]" started-at="2025-08-15T10:46:16 IST" name="loginin" finished-at="2025-08-15T10:46:16 IST" duration-ms="1" status="PASS">
          <reporter-output>
          </reporter-output>
        </test-method> <!-- loginin -->
        <test-method signature="addCart()[pri:1, instance:TestNGPractice.ParameterClass@28f3b248]" started-at="2025-08-15T10:46:16 IST" name="addCart" finished-at="2025-08-15T10:46:16 IST" duration-ms="4" status="PASS">
          <reporter-output>
          </reporter-output>
        </test-method> <!-- addCart -->
        <test-method signature="removeCart()[pri:2, instance:TestNGPractice.ParameterClass@28f3b248]" started-at="2025-08-15T10:46:16 IST" name="removeCart" finished-at="2025-08-15T10:46:16 IST" duration-ms="1" status="PASS">
          <reporter-output>
          </reporter-output>
        </test-method> <!-- removeCart -->
        <test-method is-config="true" signature="logout()[pri:0, instance:TestNGPractice.ParameterClass@28f3b248]" started-at="2025-08-15T10:46:16 IST" name="logout" finished-at="2025-08-15T10:46:16 IST" duration-ms="3" status="PASS">
          <reporter-output>
          </reporter-output>
        </test-method> <!-- logout -->
        <test-method is-config="true" signature="browserClose()[pri:0, instance:TestNGPractice.ParameterClass@28f3b248]" started-at="2025-08-15T10:46:16 IST" name="browserClose" finished-at="2025-08-15T10:46:17 IST" duration-ms="228" status="PASS">
          <reporter-output>
          </reporter-output>
        </test-method> <!-- browserClose -->
      </class> <!-- TestNGPractice.ParameterClass -->
    </test> <!-- Parameter -->
  </suite> <!-- Parameterization -->
</testng-results>
